{
  "RSpec": {
    "coverage": {
      "/home/mint/Desktop/FasterThanLight/expenses_app/spec/support/helpers/user_auth_helper.rb": {
        "lines": [
          1,
          1,
          1,
          null,
          1,
          99,
          null,
          null,
          null
        ],
        "branches": {
        }
      },
      "/home/mint/Desktop/FasterThanLight/expenses_app/spec/models/category_spec.rb": {
        "lines": [
          1,
          1,
          2,
          2,
          null,
          null,
          1,
          2,
          2,
          2,
          2,
          2,
          2,
          null,
          null,
          1,
          4,
          null,
          2,
          null,
          1,
          1,
          1,
          null,
          null,
          1,
          1,
          1,
          null,
          null,
          null,
          1,
          4,
          null,
          1,
          1,
          null,
          null,
          1,
          1,
          1,
          null,
          null,
          1,
          2,
          null,
          null,
          null,
          1,
          4,
          null,
          1,
          1,
          null,
          null,
          1,
          1,
          1,
          null,
          null,
          1,
          2,
          null,
          null,
          null,
          1,
          4,
          null,
          4,
          null,
          1,
          1,
          null,
          null,
          1,
          1,
          1,
          null,
          null,
          1,
          2,
          null,
          null,
          null,
          null
        ],
        "branches": {
        }
      },
      "/home/mint/Desktop/FasterThanLight/expenses_app/app/models/category.rb": {
        "lines": [
          1,
          1,
          1,
          null,
          1,
          1,
          null,
          1,
          229,
          null,
          229,
          null,
          null
        ],
        "branches": {
          "[:if, 0, 11, 4, 11, 68]": {
            "[:then, 1, 11, 4, 11, 41]": 3,
            "[:else, 2, 11, 4, 11, 68]": 226
          }
        }
      },
      "/home/mint/Desktop/FasterThanLight/expenses_app/app/models/application_record.rb": {
        "lines": [
          1,
          1,
          null
        ],
        "branches": {
        }
      },
      "/home/mint/Desktop/FasterThanLight/expenses_app/spec/models/spending_spec.rb": {
        "lines": [
          1,
          1,
          2,
          2,
          null,
          null,
          1,
          2,
          2,
          2,
          2,
          2,
          2,
          2,
          null,
          null,
          1,
          4,
          null,
          2,
          null,
          1,
          1,
          1,
          null,
          null,
          1,
          1,
          1,
          null,
          null,
          null,
          1,
          4,
          null,
          1,
          1,
          null,
          null,
          1,
          1,
          1,
          null,
          null,
          1,
          2,
          null,
          null,
          null,
          1,
          4,
          null,
          1,
          1,
          null,
          null,
          1,
          1,
          1,
          null,
          null,
          1,
          2,
          null,
          null,
          null,
          null
        ],
        "branches": {
        }
      },
      "/home/mint/Desktop/FasterThanLight/expenses_app/app/models/spending.rb": {
        "lines": [
          1,
          1,
          1,
          null,
          1,
          null
        ],
        "branches": {
        }
      },
      "/home/mint/Desktop/FasterThanLight/expenses_app/spec/models/user_spec.rb": {
        "lines": [
          1,
          1,
          2,
          2,
          null,
          null,
          1,
          2,
          2,
          2,
          2,
          2,
          null,
          null,
          1,
          8,
          null,
          2,
          null,
          1,
          1,
          null,
          null,
          null,
          null,
          2,
          null,
          1,
          1,
          null,
          null,
          null,
          1,
          1,
          null,
          null,
          null,
          1,
          1,
          1,
          null,
          null,
          1,
          1,
          1,
          null,
          null,
          null,
          1,
          4,
          null,
          1,
          1,
          null,
          null,
          1,
          1,
          1,
          null,
          null,
          1,
          2,
          null,
          null,
          null,
          1,
          4,
          null,
          1,
          1,
          null,
          null,
          1,
          1,
          1,
          null,
          null,
          1,
          2,
          null,
          null,
          null,
          1,
          4,
          null,
          1,
          1,
          null,
          null,
          1,
          1,
          1,
          null,
          null,
          1,
          2,
          null,
          null,
          null,
          1,
          4,
          null,
          4,
          null,
          1,
          1,
          null,
          null,
          1,
          1,
          1,
          null,
          null,
          1,
          2,
          null,
          null,
          null,
          1,
          4,
          null,
          1,
          1,
          null,
          null,
          1,
          1,
          1,
          null,
          null,
          1,
          2,
          null,
          null,
          null,
          null
        ],
        "branches": {
        }
      },
      "/home/mint/Desktop/FasterThanLight/expenses_app/app/models/user.rb": {
        "lines": [
          1,
          1,
          null,
          1,
          1,
          1,
          1,
          null,
          1,
          1,
          null,
          1,
          1,
          null,
          null,
          1,
          1,
          1,
          null
        ],
        "branches": {
        }
      },
      "/home/mint/Desktop/FasterThanLight/expenses_app/spec/requests/categories_spec.rb": {
        "lines": [
          1,
          47,
          4,
          32,
          10,
          null,
          1,
          7,
          null,
          1,
          1,
          5,
          5,
          null,
          null,
          1,
          1,
          null,
          null,
          1,
          4,
          null,
          null,
          1,
          1,
          null,
          null,
          1,
          1,
          null,
          null,
          1,
          1,
          null,
          null,
          null,
          1,
          2,
          null,
          1,
          1,
          null,
          null,
          null,
          null,
          1,
          1,
          1,
          3,
          3,
          null,
          null,
          1,
          1,
          null,
          null,
          1,
          1,
          null,
          null,
          1,
          1,
          null,
          null,
          null,
          1,
          3,
          null,
          1,
          2,
          2,
          null,
          null,
          1,
          1,
          null,
          null,
          1,
          1,
          null,
          null,
          null,
          1,
          2,
          null,
          1,
          1,
          null,
          null,
          null,
          null,
          1,
          1,
          1,
          2,
          2,
          null,
          null,
          1,
          1,
          null,
          null,
          1,
          1,
          null,
          null,
          null,
          1,
          2,
          null,
          1,
          1,
          null,
          null,
          null,
          null,
          1,
          1,
          1,
          3,
          3,
          null,
          null,
          1,
          1,
          null,
          null,
          1,
          1,
          null,
          null,
          1,
          1,
          null,
          null,
          null,
          1,
          2,
          null,
          1,
          1,
          1,
          null,
          null,
          1,
          1,
          null,
          null,
          null,
          1,
          2,
          null,
          1,
          1,
          null,
          null,
          null,
          null,
          1,
          10,
          null,
          1,
          1,
          4,
          null,
          null,
          null,
          null,
          1,
          1,
          1,
          null,
          null,
          null,
          1,
          1,
          1,
          null,
          null,
          1,
          1,
          1,
          1,
          null,
          null,
          1,
          1,
          1,
          1,
          null,
          null,
          null,
          1,
          1,
          5,
          null,
          null,
          null,
          1,
          1,
          1,
          null,
          null,
          null,
          1,
          1,
          1,
          null,
          null,
          1,
          1,
          1,
          null,
          null,
          1,
          1,
          1,
          null,
          null,
          1,
          1,
          1,
          null,
          null,
          null,
          null,
          1,
          13,
          null,
          1,
          7,
          null,
          1,
          6,
          null,
          null,
          null,
          null,
          1,
          1,
          1,
          1,
          null,
          null,
          1,
          1,
          1,
          1,
          null,
          null,
          1,
          1,
          1,
          null,
          null,
          1,
          1,
          1,
          1,
          null,
          null,
          1,
          1,
          1,
          null,
          null,
          1,
          1,
          1,
          1,
          null,
          null,
          null,
          1,
          7,
          null,
          1,
          6,
          null,
          null,
          null,
          null,
          1,
          1,
          1,
          1,
          null,
          null,
          1,
          1,
          1,
          1,
          null,
          null,
          1,
          1,
          1,
          null,
          null,
          1,
          1,
          1,
          null,
          null,
          1,
          1,
          1,
          null,
          null,
          1,
          1,
          1,
          null,
          null,
          null,
          null,
          1,
          1,
          5,
          null,
          1,
          1,
          1,
          null,
          null,
          null,
          1,
          1,
          1,
          null,
          null,
          1,
          1,
          1,
          null,
          null,
          1,
          1,
          1,
          1,
          null,
          null,
          null,
          1,
          2,
          null,
          1,
          1,
          null,
          null,
          null,
          null
        ],
        "branches": {
        }
      },
      "/home/mint/Desktop/FasterThanLight/expenses_app/spec/requests/sessions_spec.rb": {
        "lines": [
          1,
          13,
          5,
          null,
          1,
          4,
          null,
          1,
          1,
          1,
          null,
          null,
          1,
          1,
          null,
          null,
          null,
          1,
          2,
          null,
          1,
          1,
          null,
          null,
          null,
          null,
          1,
          1,
          1,
          1,
          1,
          null,
          null,
          1,
          1,
          1,
          null,
          null,
          1,
          1,
          1,
          1,
          null,
          null,
          null,
          1,
          1,
          1,
          1,
          null,
          null,
          1,
          1,
          1,
          null,
          null,
          1,
          1,
          1,
          null,
          null,
          null,
          null,
          1,
          4,
          null,
          1,
          1,
          1,
          null,
          null,
          1,
          1,
          1,
          null,
          null,
          1,
          1,
          1,
          1,
          null,
          null,
          null
        ],
        "branches": {
        }
      },
      "/home/mint/Desktop/FasterThanLight/expenses_app/spec/requests/spendings_spec.rb": {
        "lines": [
          1,
          61,
          15,
          61,
          45,
          18,
          null,
          1,
          9,
          null,
          1,
          1,
          7,
          7,
          null,
          null,
          1,
          1,
          null,
          null,
          1,
          1,
          null,
          null,
          1,
          4,
          null,
          null,
          1,
          4,
          null,
          null,
          1,
          4,
          null,
          null,
          1,
          1,
          null,
          null,
          1,
          1,
          null,
          null,
          null,
          1,
          7,
          null,
          1,
          6,
          6,
          null,
          null,
          1,
          1,
          null,
          null,
          1,
          4,
          null,
          null,
          1,
          4,
          null,
          null,
          1,
          4,
          null,
          null,
          1,
          1,
          null,
          null,
          1,
          1,
          null,
          null,
          null,
          1,
          2,
          null,
          1,
          1,
          null,
          null,
          null,
          null,
          1,
          1,
          1,
          5,
          5,
          null,
          null,
          1,
          1,
          null,
          null,
          1,
          1,
          null,
          null,
          1,
          1,
          null,
          null,
          1,
          1,
          null,
          null,
          1,
          1,
          null,
          null,
          null,
          1,
          3,
          null,
          1,
          2,
          2,
          null,
          null,
          1,
          1,
          null,
          null,
          1,
          1,
          null,
          null,
          null,
          1,
          2,
          null,
          1,
          1,
          null,
          null,
          null,
          null,
          1,
          1,
          1,
          3,
          3,
          null,
          null,
          1,
          1,
          null,
          null,
          1,
          1,
          null,
          null,
          1,
          1,
          null,
          null,
          null,
          1,
          1,
          2,
          2,
          null,
          null,
          1,
          1,
          null,
          null,
          1,
          1,
          null,
          null,
          null,
          1,
          2,
          null,
          1,
          1,
          null,
          null,
          null,
          null,
          1,
          1,
          1,
          3,
          3,
          null,
          null,
          1,
          1,
          null,
          null,
          1,
          1,
          null,
          null,
          1,
          1,
          null,
          null,
          null,
          1,
          2,
          null,
          1,
          1,
          1,
          null,
          null,
          1,
          1,
          null,
          null,
          null,
          1,
          2,
          null,
          1,
          1,
          null,
          null,
          null,
          null,
          1,
          10,
          null,
          1,
          1,
          4,
          null,
          null,
          null,
          null,
          null,
          1,
          1,
          1,
          null,
          null,
          null,
          1,
          1,
          1,
          null,
          null,
          1,
          1,
          1,
          1,
          null,
          null,
          1,
          1,
          1,
          1,
          null,
          null,
          null,
          1,
          1,
          5,
          null,
          null,
          null,
          null,
          null,
          1,
          1,
          1,
          null,
          null,
          null,
          1,
          1,
          1,
          null,
          null,
          1,
          1,
          1,
          null,
          null,
          1,
          1,
          1,
          null,
          null,
          1,
          1,
          1,
          null,
          null,
          null,
          null,
          1,
          14,
          null,
          1,
          7,
          null,
          1,
          6,
          null,
          null,
          null,
          null,
          null,
          1,
          1,
          1,
          1,
          null,
          null,
          1,
          1,
          1,
          1,
          null,
          null,
          1,
          1,
          1,
          null,
          null,
          1,
          1,
          1,
          1,
          null,
          null,
          1,
          1,
          1,
          null,
          null,
          1,
          1,
          1,
          1,
          null,
          null,
          null,
          1,
          6,
          null,
          1,
          5,
          null,
          null,
          null,
          null,
          null,
          1,
          1,
          1,
          1,
          null,
          null,
          1,
          1,
          1,
          null,
          null,
          1,
          1,
          1,
          null,
          null,
          1,
          1,
          1,
          null,
          null,
          1,
          1,
          1,
          null,
          null,
          null,
          1,
          1,
          2,
          null,
          null,
          null,
          null,
          null,
          1,
          1,
          1,
          null,
          null,
          1,
          1,
          1,
          1,
          null,
          null,
          null,
          null,
          1,
          1,
          5,
          null,
          1,
          1,
          1,
          null,
          null,
          null,
          1,
          1,
          1,
          null,
          null,
          1,
          1,
          1,
          null,
          null,
          1,
          1,
          1,
          1,
          null,
          null,
          null,
          1,
          2,
          null,
          1,
          1,
          null,
          null,
          null,
          null
        ],
        "branches": {
        }
      },
      "/home/mint/Desktop/FasterThanLight/expenses_app/spec/requests/users_spec.rb": {
        "lines": [
          1,
          28,
          8,
          null,
          1,
          1,
          3,
          null,
          1,
          1,
          null,
          null,
          1,
          1,
          null,
          null,
          null,
          1,
          1,
          1,
          1,
          null,
          null,
          1,
          1,
          null,
          null,
          null,
          null,
          1,
          1,
          5,
          null,
          1,
          1,
          1,
          null,
          null,
          null,
          1,
          1,
          1,
          null,
          null,
          1,
          1,
          1,
          1,
          null,
          null,
          1,
          1,
          1,
          1,
          null,
          null,
          null,
          1,
          5,
          null,
          1,
          1,
          1,
          null,
          null,
          null,
          1,
          1,
          1,
          null,
          null,
          1,
          1,
          1,
          null,
          null,
          1,
          1,
          1,
          null,
          null,
          null,
          1,
          5,
          null,
          1,
          1,
          1,
          null,
          null,
          null,
          1,
          1,
          1,
          null,
          null,
          1,
          1,
          1,
          null,
          null,
          1,
          1,
          1,
          null,
          null,
          null,
          1,
          5,
          null,
          1,
          1,
          1,
          null,
          null,
          null,
          1,
          1,
          1,
          null,
          null,
          1,
          1,
          1,
          null,
          null,
          1,
          1,
          1,
          null,
          null,
          null,
          1,
          5,
          null,
          1,
          1,
          1,
          null,
          null,
          null,
          1,
          1,
          1,
          null,
          null,
          1,
          1,
          1,
          null,
          null,
          1,
          1,
          1,
          null,
          null,
          null,
          1,
          5,
          null,
          1,
          1,
          1,
          null,
          null,
          null,
          1,
          1,
          1,
          null,
          null,
          1,
          1,
          1,
          null,
          null,
          1,
          1,
          1,
          null,
          null,
          null,
          null
        ],
        "branches": {
        }
      },
      "/home/mint/Desktop/FasterThanLight/expenses_app/spec/services/spendings/filter_service_spec.rb": {
        "lines": [
          1,
          1,
          12,
          12,
          12,
          12,
          1,
          11,
          null,
          null,
          null,
          null,
          null,
          null,
          1,
          3,
          1,
          1,
          null,
          null,
          null,
          1,
          1,
          null,
          null,
          null,
          null,
          1,
          1,
          null,
          null,
          1,
          4,
          null,
          null,
          null,
          1,
          3,
          1,
          1,
          null,
          null,
          null,
          null,
          1,
          1,
          null,
          null,
          null,
          1,
          1,
          null,
          null,
          1,
          3,
          null,
          null,
          null,
          1,
          3,
          1,
          1,
          null,
          null,
          null,
          null,
          1,
          1,
          null,
          null,
          null,
          1,
          1,
          null,
          null,
          1,
          3,
          null,
          null,
          null,
          1,
          3,
          1,
          1,
          null,
          null,
          null,
          1,
          1,
          null,
          null,
          null,
          null,
          1,
          1,
          null,
          null,
          1,
          4,
          null,
          null,
          null,
          1,
          3,
          1,
          1,
          null,
          null,
          null,
          1,
          1,
          null,
          null,
          null,
          null,
          1,
          1,
          null,
          null,
          1,
          4,
          null,
          null,
          null,
          1,
          2,
          null,
          1,
          1,
          null,
          null,
          null,
          null
        ],
        "branches": {
        }
      },
      "/home/mint/Desktop/FasterThanLight/expenses_app/app/services/spendings/filter_service.rb": {
        "lines": [
          1,
          1,
          1,
          33,
          33,
          33,
          null,
          null,
          1,
          33,
          33,
          null,
          null,
          1,
          null,
          null,
          null,
          1,
          33,
          7,
          null,
          null,
          26,
          3,
          23,
          4,
          null,
          null,
          33,
          null,
          null,
          null,
          null,
          1,
          33,
          8,
          8,
          null,
          null,
          null,
          null,
          33,
          null,
          null,
          null
        ],
        "branches": {
          "[:if, 0, 25, 6, 26, 67]": {
            "[:then, 1, 26, 8, 26, 67]": 4,
            "[:else, 2, 25, 6, 26, 67]": 19
          },
          "[:if, 3, 23, 6, 26, 67]": {
            "[:then, 4, 24, 8, 24, 67]": 3,
            "[:else, 5, 25, 6, 26, 67]": 23
          },
          "[:if, 6, 19, 6, 27, 9]": {
            "[:then, 7, 20, 8, 22, 68]": 7,
            "[:else, 8, 23, 6, 26, 67]": 26
          },
          "[:if, 9, 35, 6, 40, 9]": {
            "[:then, 10, 36, 8, 37, 63]": 8,
            "[:else, 11, 39, 8, 39, 18]": 25
          }
        }
      },
      "/home/mint/Desktop/FasterThanLight/expenses_app/app/services/application_service.rb": {
        "lines": [
          1,
          1,
          49,
          null,
          null
        ],
        "branches": {
        }
      },
      "/home/mint/Desktop/FasterThanLight/expenses_app/spec/services/spendings/sort_service_spec.rb": {
        "lines": [
          1,
          1,
          3,
          3,
          3,
          null,
          1,
          2,
          null,
          null,
          null,
          null,
          null,
          null,
          1,
          2,
          1,
          1,
          null,
          null,
          null,
          null,
          null,
          null,
          1,
          1,
          null,
          null,
          null,
          1,
          2,
          1,
          1,
          null,
          null,
          null,
          null,
          null,
          null,
          1,
          1,
          null,
          null,
          null,
          null
        ],
        "branches": {
        }
      },
      "/home/mint/Desktop/FasterThanLight/expenses_app/app/services/spendings/sort_service.rb": {
        "lines": [
          1,
          1,
          1,
          null,
          1,
          16,
          16,
          null,
          null,
          1,
          16,
          null,
          null,
          1,
          null,
          1,
          16,
          2,
          null,
          null,
          null,
          null,
          16,
          null,
          null,
          null
        ],
        "branches": {
          "[:if, 0, 17, 6, 21, 9]": {
            "[:then, 1, 18, 8, 18, 61]": 2,
            "[:else, 2, 20, 8, 20, 18]": 14
          }
        }
      },
      "/home/mint/Desktop/FasterThanLight/expenses_app/app/controllers/sessions_controller.rb": {
        "lines": [
          1,
          1,
          3,
          null,
          null,
          1,
          105,
          102,
          102,
          102,
          null,
          3,
          3,
          null,
          null,
          null,
          1,
          3,
          3,
          3,
          null,
          null,
          1,
          null,
          1,
          207,
          null,
          null,
          1,
          102,
          null,
          null
        ],
        "branches": {
          "[:if, 0, 3, 4, 3, 39]": {
            "[:then, 1, 3, 4, 3, 25]": 0,
            "[:else, 2, 3, 4, 3, 39]": 3
          },
          "[:\"&.\", 3, 7, 7, 7, 48]": {
            "[:then, 4, 7, 7, 7, 48]": 102,
            "[:else, 5, 7, 7, 7, 48]": 3
          },
          "[:if, 6, 7, 4, 14, 7]": {
            "[:then, 7, 8, 6, 10, 66]": 102,
            "[:else, 8, 12, 6, 13, 17]": 3
          }
        }
      },
      "/home/mint/Desktop/FasterThanLight/expenses_app/app/controllers/base_controller.rb": {
        "lines": [
          1,
          1,
          null,
          1,
          null,
          1,
          730,
          null,
          null,
          1,
          8,
          null,
          null,
          1,
          7,
          null,
          null
        ],
        "branches": {
          "[:if, 0, 7, 4, 7, 60]": {
            "[:then, 1, 7, 4, 7, 39]": 712,
            "[:else, 2, 7, 4, 7, 60]": 18
          }
        }
      },
      "/home/mint/Desktop/FasterThanLight/expenses_app/app/controllers/application_controller.rb": {
        "lines": [
          1,
          1,
          null
        ],
        "branches": {
        }
      },
      "/home/mint/Desktop/FasterThanLight/expenses_app/app/controllers/categories_controller.rb": {
        "lines": [
          1,
          1,
          1,
          null,
          1,
          6,
          null,
          null,
          1,
          null,
          1,
          2,
          null,
          null,
          1,
          9,
          null,
          9,
          4,
          4,
          null,
          5,
          5,
          null,
          null,
          null,
          1,
          12,
          6,
          6,
          null,
          6,
          6,
          null,
          null,
          null,
          1,
          4,
          4,
          4,
          null,
          null,
          1,
          null,
          1,
          21,
          null,
          null,
          1,
          29,
          null,
          null
        ],
        "branches": {
          "[:if, 0, 18, 4, 24, 7]": {
            "[:then, 1, 19, 6, 20, 27]": 4,
            "[:else, 2, 22, 6, 23, 17]": 5
          },
          "[:if, 3, 28, 4, 34, 7]": {
            "[:then, 4, 29, 6, 30, 27]": 6,
            "[:else, 5, 32, 6, 33, 18]": 6
          }
        }
      },
      "/home/mint/Desktop/FasterThanLight/expenses_app/app/controllers/authorized_controller.rb": {
        "lines": [
          1,
          1,
          null,
          1,
          null,
          1,
          119,
          null,
          null,
          1,
          44,
          null,
          null
        ],
        "branches": {
          "[:unless, 0, 7, 4, 7, 47]": {
            "[:else, 1, 7, 4, 7, 47]": 107,
            "[:then, 2, 7, 4, 7, 27]": 12
          },
          "[:if, 3, 11, 4, 11, 67]": {
            "[:then, 4, 11, 4, 11, 20]": 4,
            "[:else, 5, 11, 4, 11, 67]": 40
          }
        }
      },
      "/home/mint/Desktop/FasterThanLight/expenses_app/app/controllers/home_page_controller.rb": {
        "lines": [
          1,
          1,
          null,
          1,
          null
        ],
        "branches": {
        }
      },
      "/home/mint/Desktop/FasterThanLight/expenses_app/app/controllers/users_controller.rb": {
        "lines": [
          1,
          1,
          null,
          1,
          4,
          1,
          null,
          3,
          null,
          null,
          null,
          1,
          null,
          null,
          null,
          1,
          24,
          null,
          24,
          4,
          4,
          4,
          null,
          20,
          20,
          null,
          null,
          null,
          null,
          null,
          1,
          null,
          1,
          24,
          null,
          null
        ],
        "branches": {
          "[:if, 0, 5, 4, 9, 7]": {
            "[:then, 1, 6, 6, 6, 27]": 1,
            "[:else, 2, 8, 6, 8, 22]": 3
          },
          "[:if, 3, 19, 4, 26, 7]": {
            "[:then, 4, 20, 6, 22, 27]": 4,
            "[:else, 5, 24, 6, 25, 17]": 20
          }
        }
      },
      "/home/mint/Desktop/FasterThanLight/expenses_app/app/controllers/spendings_controller.rb": {
        "lines": [
          1,
          1,
          1,
          1,
          null,
          1,
          14,
          14,
          14,
          14,
          14,
          null,
          null,
          1,
          null,
          1,
          3,
          null,
          null,
          null,
          null,
          1,
          9,
          null,
          9,
          4,
          4,
          null,
          5,
          5,
          null,
          null,
          null,
          null,
          null,
          1,
          null,
          1,
          11,
          6,
          6,
          null,
          5,
          5,
          null,
          null,
          null,
          1,
          4,
          4,
          4,
          null,
          null,
          1,
          null,
          1,
          20,
          null,
          null,
          1,
          28,
          null,
          null,
          1,
          26,
          null,
          null
        ],
        "branches": {
          "[:if, 0, 25, 4, 31, 7]": {
            "[:then, 1, 26, 6, 27, 61]": 4,
            "[:else, 2, 29, 6, 30, 17]": 5
          },
          "[:if, 3, 39, 4, 45, 7]": {
            "[:then, 4, 40, 6, 41, 61]": 6,
            "[:else, 5, 43, 6, 44, 18]": 5
          }
        }
      }
    },
    "timestamp": 1665738553
  }
}
